<?xml version="1.0" encoding="UTF-8"?>
<!-- Generated by org.testng.reporters.JUnitXMLReporter -->
<testsuite ignored="0" hostname="Mahi_Goud" failures="0" tests="5" name="Default test" time="113.348" errors="0" timestamp="2022-12-22T17:01:09 IST">
  <testcase classname="com.OrangeHRM.qa.TestCases.LoginPageTest" name="verifyPageTitile" time="3.027"/>
  <testcase classname="com.OrangeHRM.qa.TestCases.LoginPageTest" name="verifyHRMLogo" time="3.112"/>
  <testcase classname="com.OrangeHRM.qa.TestCases.LoginPageTest" name="verifyLogin" time="7.078"/>
  <testcase classname="com.OrangeHRM.qa.TestCases.LoginPageTest" name="verifyPorgetPasswordLink" time="4.373"/>
  <testcase classname="com.OrangeHRM.qa.TestCases.LoginPageTest" name="verifyOrangeHRMAboutPage" time="16.444"/>
</testsuite> <!-- Default test -->
