<?xml version="1.0" encoding="UTF-8"?>
<!-- Generated by org.testng.reporters.JUnitXMLReporter -->
<testsuite ignored="0" hostname="Mahi_Goud" failures="0" tests="13" name="Test" time="277.519" errors="0" timestamp="2022-12-27T17:38:41 IST">
  <testcase classname="com.OrangeHRM.qa.TestCases.LoginPageTest" name="verifyPageTitile" time="3.033"/>
  <testcase classname="com.OrangeHRM.qa.TestCases.LoginPageTest" name="verifyHRMLogo" time="3.109"/>
  <testcase classname="com.OrangeHRM.qa.TestCases.LoginPageTest" name="verifyLogin" time="4.459"/>
  <testcase classname="com.OrangeHRM.qa.TestCases.LoginPageTest" name="verifyPorgetPasswordLink" time="4.219"/>
  <testcase classname="com.OrangeHRM.qa.TestCases.LoginPageTest" name="verifyOrangeHRMAboutPage" time="14.509"/>
  <testcase classname="com.OrangeHRM.qa.TestCases.DashBoardTestCases" name="veifyAdminLinkTest" time="0.897"/>
  <testcase classname="com.OrangeHRM.qa.TestCases.DashBoardTestCases" name="verifyDashboardText" time="0.046"/>
  <testcase classname="com.OrangeHRM.qa.TestCases.DashBoardTestCases" name="verifyHRmLogo" time="0.049"/>
  <testcase classname="com.OrangeHRM.qa.TestCases.PIMPageTest" name="createEmployee" time="4.629"/>
  <testcase classname="com.OrangeHRM.qa.TestCases.PIMPageTest" name="createEmployee" time="4.216"/>
  <testcase classname="com.OrangeHRM.qa.TestCases.PIMPageTest" name="createEmployee" time="4.544"/>
  <testcase classname="com.OrangeHRM.qa.TestCases.PIMPageTest" name="createEmployee" time="4.342"/>
  <testcase classname="com.OrangeHRM.qa.TestCases.PIMPageTest" name="createEmployee" time="4.034"/>
</testsuite> <!-- Test -->
