<?xml version="1.0" encoding="UTF-8"?>
<testng-results ignored="0" total="1" passed="1" failed="0" skipped="0">
  <reporter-output>
  </reporter-output>
  <suite started-at="2022-12-08T01:26:52 IST" name="Default suite" finished-at="2022-12-08T01:27:07 IST" duration-ms="15443">
    <groups>
    </groups>
    <test started-at="2022-12-08T01:26:52 IST" name="Default test" finished-at="2022-12-08T01:27:07 IST" duration-ms="15443">
      <class name="com.OrangeHRM.qa.TestCases.LoginPageTest">
        <test-method is-config="true" signature="setup()[pri:0, instance:com.OrangeHRM.qa.TestCases.LoginPageTest@58d75e99]" started-at="2022-12-08T01:26:52 IST" name="setup" finished-at="2022-12-08T01:27:02 IST" duration-ms="10292" status="PASS">
          <reporter-output>
          </reporter-output>
        </test-method> <!-- setup -->
        <test-method signature="verifyLogin()[pri:2, instance:com.OrangeHRM.qa.TestCases.LoginPageTest@58d75e99]" started-at="2022-12-08T01:27:02 IST" name="verifyLogin" finished-at="2022-12-08T01:27:07 IST" duration-ms="4790" status="PASS">
          <reporter-output>
          </reporter-output>
        </test-method> <!-- verifyLogin -->
        <test-method is-config="true" signature="tearDown()[pri:0, instance:com.OrangeHRM.qa.TestCases.LoginPageTest@58d75e99]" started-at="2022-12-08T01:27:07 IST" name="tearDown" finished-at="2022-12-08T01:27:07 IST" duration-ms="318" status="PASS">
          <reporter-output>
          </reporter-output>
        </test-method> <!-- tearDown -->
      </class> <!-- com.OrangeHRM.qa.TestCases.LoginPageTest -->
    </test> <!-- Default test -->
  </suite> <!-- Default suite -->
</testng-results>
