<?xml version="1.0" encoding="UTF-8"?>
<testng-results ignored="0" total="5" passed="5" failed="0" skipped="0">
  <reporter-output>
  </reporter-output>
  <suite started-at="2022-12-09T22:47:14 IST" name="Default suite" finished-at="2022-12-09T22:48:43 IST" duration-ms="88774">
    <groups>
    </groups>
    <test started-at="2022-12-09T22:47:14 IST" name="Default test" finished-at="2022-12-09T22:48:43 IST" duration-ms="88774">
      <class name="com.OrangeHRM.qa.TestCases.LoginPageTest">
        <test-method is-config="true" signature="setup()[pri:0, instance:com.OrangeHRM.qa.TestCases.LoginPageTest@741a8937]" started-at="2022-12-09T22:47:14 IST" name="setup" finished-at="2022-12-09T22:47:26 IST" duration-ms="11909" status="PASS">
          <reporter-output>
          </reporter-output>
        </test-method> <!-- setup -->
        <test-method signature="verifyPageTitile()[pri:0, instance:com.OrangeHRM.qa.TestCases.LoginPageTest@741a8937]" started-at="2022-12-09T22:47:26 IST" name="verifyPageTitile" finished-at="2022-12-09T22:47:29 IST" duration-ms="3030" status="PASS">
          <reporter-output>
          </reporter-output>
        </test-method> <!-- verifyPageTitile -->
        <test-method is-config="true" signature="tearDown()[pri:0, instance:com.OrangeHRM.qa.TestCases.LoginPageTest@741a8937]" started-at="2022-12-09T22:47:29 IST" name="tearDown" finished-at="2022-12-09T22:47:29 IST" duration-ms="237" status="PASS">
          <reporter-output>
          </reporter-output>
        </test-method> <!-- tearDown -->
        <test-method is-config="true" signature="setup()[pri:0, instance:com.OrangeHRM.qa.TestCases.LoginPageTest@741a8937]" started-at="2022-12-09T22:47:29 IST" name="setup" finished-at="2022-12-09T22:47:41 IST" duration-ms="11937" status="PASS">
          <reporter-output>
          </reporter-output>
        </test-method> <!-- setup -->
        <test-method signature="verifyHRMLogo()[pri:1, instance:com.OrangeHRM.qa.TestCases.LoginPageTest@741a8937]" started-at="2022-12-09T22:47:41 IST" name="verifyHRMLogo" finished-at="2022-12-09T22:47:44 IST" duration-ms="3059" status="PASS">
          <reporter-output>
          </reporter-output>
        </test-method> <!-- verifyHRMLogo -->
        <test-method is-config="true" signature="tearDown()[pri:0, instance:com.OrangeHRM.qa.TestCases.LoginPageTest@741a8937]" started-at="2022-12-09T22:47:44 IST" name="tearDown" finished-at="2022-12-09T22:47:44 IST" duration-ms="303" status="PASS">
          <reporter-output>
          </reporter-output>
        </test-method> <!-- tearDown -->
        <test-method is-config="true" signature="setup()[pri:0, instance:com.OrangeHRM.qa.TestCases.LoginPageTest@741a8937]" started-at="2022-12-09T22:47:44 IST" name="setup" finished-at="2022-12-09T22:47:55 IST" duration-ms="10848" status="PASS">
          <reporter-output>
          </reporter-output>
        </test-method> <!-- setup -->
        <test-method signature="verifyLogin()[pri:2, instance:com.OrangeHRM.qa.TestCases.LoginPageTest@741a8937]" started-at="2022-12-09T22:47:55 IST" name="verifyLogin" finished-at="2022-12-09T22:48:03 IST" duration-ms="8144" status="PASS">
          <reporter-output>
          </reporter-output>
        </test-method> <!-- verifyLogin -->
        <test-method is-config="true" signature="tearDown()[pri:0, instance:com.OrangeHRM.qa.TestCases.LoginPageTest@741a8937]" started-at="2022-12-09T22:48:03 IST" name="tearDown" finished-at="2022-12-09T22:48:04 IST" duration-ms="314" status="PASS">
          <reporter-output>
          </reporter-output>
        </test-method> <!-- tearDown -->
        <test-method is-config="true" signature="setup()[pri:0, instance:com.OrangeHRM.qa.TestCases.LoginPageTest@741a8937]" started-at="2022-12-09T22:48:04 IST" name="setup" finished-at="2022-12-09T22:48:13 IST" duration-ms="9876" status="PASS">
          <reporter-output>
          </reporter-output>
        </test-method> <!-- setup -->
        <test-method signature="verifyPorgetPasswordLink()[pri:3, instance:com.OrangeHRM.qa.TestCases.LoginPageTest@741a8937]" started-at="2022-12-09T22:48:13 IST" name="verifyPorgetPasswordLink" finished-at="2022-12-09T22:48:18 IST" duration-ms="4356" status="PASS">
          <reporter-output>
          </reporter-output>
        </test-method> <!-- verifyPorgetPasswordLink -->
        <test-method is-config="true" signature="tearDown()[pri:0, instance:com.OrangeHRM.qa.TestCases.LoginPageTest@741a8937]" started-at="2022-12-09T22:48:18 IST" name="tearDown" finished-at="2022-12-09T22:48:18 IST" duration-ms="339" status="PASS">
          <reporter-output>
          </reporter-output>
        </test-method> <!-- tearDown -->
        <test-method is-config="true" signature="setup()[pri:0, instance:com.OrangeHRM.qa.TestCases.LoginPageTest@741a8937]" started-at="2022-12-09T22:48:18 IST" name="setup" finished-at="2022-12-09T22:48:30 IST" duration-ms="11629" status="PASS">
          <reporter-output>
          </reporter-output>
        </test-method> <!-- setup -->
        <test-method signature="verifyOrangeHRMAboutPage()[pri:4, instance:com.OrangeHRM.qa.TestCases.LoginPageTest@741a8937]" started-at="2022-12-09T22:48:30 IST" name="verifyOrangeHRMAboutPage" finished-at="2022-12-09T22:48:42 IST" duration-ms="12516" status="PASS">
          <reporter-output>
          </reporter-output>
        </test-method> <!-- verifyOrangeHRMAboutPage -->
        <test-method is-config="true" signature="tearDown()[pri:0, instance:com.OrangeHRM.qa.TestCases.LoginPageTest@741a8937]" started-at="2022-12-09T22:48:42 IST" name="tearDown" finished-at="2022-12-09T22:48:43 IST" duration-ms="239" status="PASS">
          <reporter-output>
          </reporter-output>
        </test-method> <!-- tearDown -->
      </class> <!-- com.OrangeHRM.qa.TestCases.LoginPageTest -->
    </test> <!-- Default test -->
  </suite> <!-- Default suite -->
</testng-results>
