<?xml version="1.0" encoding="UTF-8"?>
<!-- Generated by org.testng.reporters.JUnitReportReporter -->
<testsuite hostname="Mahi_Goud" failures="0" tests="1" name="com.OrangeHRM.qa.ExtentReportListener.attachScreenshotForFailedTestLogs" time="7.011" errors="0" timestamp="2022-12-22T01:03:48 IST" skipped="0">
  <testcase classname="com.OrangeHRM.qa.ExtentReportListener.attachScreenshotForFailedTestLogs" name="getScreenshot" time="7.011"/>
  <system-out/>
</testsuite> <!-- com.OrangeHRM.qa.ExtentReportListener.attachScreenshotForFailedTestLogs -->
