<?xml version="1.0" encoding="UTF-8"?>
<!-- Generated by org.testng.reporters.JUnitReportReporter -->
<testsuite hostname="Mahi_Goud" failures="0" tests="1" name="com.OrangeHRM.qa.ExtentReportListener.CreateBasicExtentReports" time="0.775" errors="0" timestamp="2022-12-22T00:26:38 IST" skipped="0">
  <testcase classname="com.OrangeHRM.qa.ExtentReportListener.CreateBasicExtentReports" name="generateExtentReport" time="0.775"/>
  <system-out/>
</testsuite> <!-- com.OrangeHRM.qa.ExtentReportListener.CreateBasicExtentReports -->
