<?xml version="1.0" encoding="UTF-8"?>
<!-- Generated by org.testng.reporters.JUnitReportReporter -->
<testsuite hostname="Mahi_Goud" failures="0" tests="5" name="com.OrangeHRM.qa.TestCases.PIMPageTest" time="116.513" errors="0" timestamp="2022-12-27T17:38:41 IST" skipped="0">
  <testcase classname="com.OrangeHRM.qa.TestCases.PIMPageTest" name="createEmployee" time="23.854"/>
  <system-out/>
  <testcase classname="com.OrangeHRM.qa.TestCases.PIMPageTest" name="createEmployee" time="17.998"/>
  <system-out/>
  <testcase classname="com.OrangeHRM.qa.TestCases.PIMPageTest" name="createEmployee" time="27.441"/>
  <system-out/>
  <testcase classname="com.OrangeHRM.qa.TestCases.PIMPageTest" name="createEmployee" time="25.368"/>
  <system-out/>
  <testcase classname="com.OrangeHRM.qa.TestCases.PIMPageTest" name="createEmployee" time="21.852"/>
  <system-out/>
</testsuite> <!-- com.OrangeHRM.qa.TestCases.PIMPageTest -->
