<?xml version="1.0" encoding="UTF-8"?>
<!-- Generated by org.testng.reporters.JUnitReportReporter -->
<testsuite hostname="Mahi_Goud" failures="0" tests="5" name="com.OrangeHRM.qa.TestCases.LoginPageTest" time="113.302" errors="0" timestamp="2022-12-22T17:01:09 IST" skipped="0">
  <testcase classname="com.OrangeHRM.qa.TestCases.LoginPageTest" name="verifyPageTitile" time="18.550"/>
  <system-out/>
  <testcase classname="com.OrangeHRM.qa.TestCases.LoginPageTest" name="verifyHRMLogo" time="17.145"/>
  <system-out/>
  <testcase classname="com.OrangeHRM.qa.TestCases.LoginPageTest" name="verifyLogin" time="20.754"/>
  <system-out/>
  <testcase classname="com.OrangeHRM.qa.TestCases.LoginPageTest" name="verifyPorgetPasswordLink" time="18.426"/>
  <system-out/>
  <testcase classname="com.OrangeHRM.qa.TestCases.LoginPageTest" name="verifyOrangeHRMAboutPage" time="38.427"/>
  <system-out/>
</testsuite> <!-- com.OrangeHRM.qa.TestCases.LoginPageTest -->
