<?xml version="1.0" encoding="UTF-8"?>
<!-- Generated by org.testng.reporters.JUnitReportReporter -->
<testsuite hostname="Mahi_Goud" failures="0" tests="3" name="com.OrangeHRM.qa.TestCases.DashBoardTestCases" time="54.724" errors="0" timestamp="2022-12-27T17:38:41 IST" skipped="0">
  <testcase classname="com.OrangeHRM.qa.TestCases.DashBoardTestCases" name="verifyDashboardText" time="14.512"/>
  <system-out/>
  <testcase classname="com.OrangeHRM.qa.TestCases.DashBoardTestCases" name="veifyAdminLinkTest" time="22.701"/>
  <system-out/>
  <testcase classname="com.OrangeHRM.qa.TestCases.DashBoardTestCases" name="verifyHRmLogo" time="17.511"/>
  <system-out/>
</testsuite> <!-- com.OrangeHRM.qa.TestCases.DashBoardTestCases -->
