<?xml version="1.0" encoding="UTF-8"?>
<!-- Generated by org.testng.reporters.JUnitReportReporter -->
<testsuite hostname="Mahi_Goud" failures="0" tests="1" name="com.OrangeHRM.qa.ExtentReportListener.attachScreenshotToExtentReport" time="4.165" errors="0" timestamp="2022-12-21T23:24:53 IST" skipped="0">
  <testcase classname="com.OrangeHRM.qa.ExtentReportListener.attachScreenshotToExtentReport" name="getScreenshot" time="4.165"/>
  <system-out/>
</testsuite> <!-- com.OrangeHRM.qa.ExtentReportListener.attachScreenshotToExtentReport -->
