<?xml version="1.0" encoding="UTF-8"?>
<!-- Generated by org.testng.reporters.JUnitReportReporter -->
<testsuite hostname="Mahi_Goud" failures="0" tests="5" name="com.OrangeHRM.qa.TestCases.LoginPageTest" time="110.112" errors="0" timestamp="2023-01-17T15:13:57 IST" skipped="0">
  <testcase classname="com.OrangeHRM.qa.TestCases.LoginPageTest" name="verifyPageTitile" time="14.727"/>
  <system-out/>
  <testcase classname="com.OrangeHRM.qa.TestCases.LoginPageTest" name="verifyHRMLogo" time="28.858"/>
  <system-out/>
  <testcase classname="com.OrangeHRM.qa.TestCases.LoginPageTest" name="verifyLogin" time="20.465"/>
  <system-out/>
  <testcase classname="com.OrangeHRM.qa.TestCases.LoginPageTest" name="verifyPorgetPasswordLink" time="12.627"/>
  <system-out/>
  <testcase classname="com.OrangeHRM.qa.TestCases.LoginPageTest" name="verifyOrangeHRMAboutPage" time="33.435"/>
  <system-out/>
</testsuite> <!-- com.OrangeHRM.qa.TestCases.LoginPageTest -->
